# JRE version: Java(TM) SE Runtime Environment (8.0_181-b13) (build 1.8.0_181-b13)
# Java VM: Java HotSpot(TM) 64-Bit Server VM (25.181-b13 mixed mode windows-amd64 compressed oops)
Heap:
 PSYoungGen      total 215552K, used 98397K [0x00000000d5f80000, 0x00000000e5d00000, 0x0000000100000000)
  eden space 173568K, 49% used [0x00000000d5f80000,0x00000000db2f9a70,0x00000000e0900000)
  from space 41984K, 30% used [0x00000000e0900000,0x00000000e159dbe8,0x00000000e3200000)
  to   space 41472K, 0% used [0x00000000e3480000,0x00000000e3480000,0x00000000e5d00000)
 ParOldGen       total 399360K, used 379891K [0x0000000081e00000, 0x000000009a400000, 0x00000000d5f80000)
  object space 399360K, 95% used [0x0000000081e00000,0x00000000990fcd80,0x000000009a400000)
 Metaspace       used 138658K, capacity 144794K, committed 145152K, reserved 1179648K
  class space    used 14575K, capacity 15744K, committed 15872K, reserved 1048576K
GC Heap History (10 events):
Event: 70844.880 GC heap before
{Heap before GC invocations=157 (full 22):
 PSYoungGen      total 208896K, used 32365K [0x00000000d5f80000, 0x00000000e5900000, 0x0000000100000000)
  eden space 168448K, 0% used [0x00000000d5f80000,0x00000000d5f80000,0x00000000e0400000)
  from space 40448K, 80% used [0x00000000e0400000,0x00000000e239b7e0,0x00000000e2b80000)
  to   space 41984K, 0% used [0x00000000e3000000,0x00000000e3000000,0x00000000e5900000)
 ParOldGen       total 399360K, used 349823K [0x0000000081e00000, 0x000000009a400000, 0x00000000d5f80000)
  object space 399360K, 87% used [0x0000000081e00000,0x000000009739fed8,0x000000009a400000)
 Metaspace       used 137458K, capacity 143510K, committed 144000K, reserved 1177600K
  class space    used 14481K, capacity 15633K, committed 15744K, reserved 1048576K
Event: 70847.250 GC heap after
Heap after GC invocations=157 (full 22):
 PSYoungGen      total 208896K, used 0K [0x00000000d5f80000, 0x00000000e5900000, 0x0000000100000000)
  eden space 168448K, 0% used [0x00000000d5f80000,0x00000000d5f80000,0x00000000e0400000)
  from space 40448K, 0% used [0x00000000e0400000,0x00000000e0400000,0x00000000e2b80000)
  to   space 41984K, 0% used [0x00000000e3000000,0x00000000e3000000,0x00000000e5900000)
 ParOldGen       total 399360K, used 379867K [0x0000000081e00000, 0x000000009a400000, 0x00000000d5f80000)
  object space 399360K, 95% used [0x0000000081e00000,0x00000000990f6d80,0x000000009a400000)
 Metaspace       used 137402K, capacity 143420K, committed 144000K, reserved 1177600K
  class space    used 14473K, capacity 15618K, committed 15744K, reserved 1048576K
}
Event: 70853.863 GC heap before
{Heap before GC invocations=158 (full 22):
 PSYoungGen      total 208896K, used 168448K [0x00000000d5f80000, 0x00000000e5900000, 0x0000000100000000)
  eden space 168448K, 100% used [0x00000000d5f80000,0x00000000e0400000,0x00000000e0400000)
  from space 40448K, 0% used [0x00000000e0400000,0x00000000e0400000,0x00000000e2b80000)
  to   space 41984K, 0% used [0x00000000e3000000,0x00000000e3000000,0x00000000e5900000)
 ParOldGen       total 399360K, used 379867K [0x0000000081e00000, 0x000000009a400000, 0x00000000d5f80000)
  object space 399360K, 95% used [0x0000000081e00000,0x00000000990f6d80,0x000000009a400000)
 Metaspace       used 138072K, capacity 144184K, committed 144512K, reserved 1177600K
  class space    used 14535K, capacity 15696K, committed 15744K, reserved 1048576K
Event: 70853.869 GC heap after
Heap after GC invocations=158 (full 22):
 PSYoungGen      total 212480K, used 8464K [0x00000000d5f80000, 0x00000000e5c00000, 0x0000000100000000)
  eden space 170496K, 0% used [0x00000000d5f80000,0x00000000d5f80000,0x00000000e0600000)
  from space 41984K, 20% used [0x00000000e3000000,0x00000000e3844298,0x00000000e5900000)
  to   space 43008K, 0% used [0x00000000e0600000,0x00000000e0600000,0x00000000e3000000)
 ParOldGen       total 399360K, used 379875K [0x0000000081e00000, 0x000000009a400000, 0x00000000d5f80000)
  object space 399360K, 95% used [0x0000000081e00000,0x00000000990f8d80,0x000000009a400000)
 Metaspace       used 138072K, capacity 144184K, committed 144512K, reserved 1177600K
  class space    used 14535K, capacity 15696K, committed 15744K, reserved 1048576K
}
Event: 70862.230 GC heap before
{Heap before GC invocations=159 (full 22):
 PSYoungGen      total 212480K, used 178960K [0x00000000d5f80000, 0x00000000e5c00000, 0x0000000100000000)
  eden space 170496K, 100% used [0x00000000d5f80000,0x00000000e0600000,0x00000000e0600000)
  from space 41984K, 20% used [0x00000000e3000000,0x00000000e3844298,0x00000000e5900000)
  to   space 43008K, 0% used [0x00000000e0600000,0x00000000e0600000,0x00000000e3000000)
 ParOldGen       total 399360K, used 379875K [0x0000000081e00000, 0x000000009a400000, 0x00000000d5f80000)
  object space 399360K, 95% used [0x0000000081e00000,0x00000000990f8d80,0x000000009a400000)
 Metaspace       used 138219K, capacity 144410K, committed 144896K, reserved 1177600K
  class space    used 14558K, capacity 15744K, committed 15872K, reserved 1048576K
Event: 70862.244 GC heap after
Heap after GC invocations=159 (full 22):
 PSYoungGen      total 213504K, used 15509K [0x00000000d5f80000, 0x00000000e5c80000, 0x0000000100000000)
  eden space 170496K, 0% used [0x00000000d5f80000,0x00000000d5f80000,0x00000000e0600000)
  from space 43008K, 36% used [0x00000000e0600000,0x00000000e1525548,0x00000000e3000000)
  to   space 42496K, 0% used [0x00000000e3300000,0x00000000e3300000,0x00000000e5c80000)
 ParOldGen       total 399360K, used 379875K [0x0000000081e00000, 0x000000009a400000, 0x00000000d5f80000)
  object space 399360K, 95% used [0x0000000081e00000,0x00000000990f8d80,0x000000009a400000)
 Metaspace       used 138219K, capacity 144410K, committed 144896K, reserved 1177600K
  class space    used 14558K, capacity 15744K, committed 15872K, reserved 1048576K
}
Event: 70863.616 GC heap before
{Heap before GC invocations=160 (full 22):
 PSYoungGen      total 213504K, used 186005K [0x00000000d5f80000, 0x00000000e5c80000, 0x0000000100000000)
  eden space 170496K, 100% used [0x00000000d5f80000,0x00000000e0600000,0x00000000e0600000)
  from space 43008K, 36% used [0x00000000e0600000,0x00000000e1525548,0x00000000e3000000)
  to   space 42496K, 0% used [0x00000000e3300000,0x00000000e3300000,0x00000000e5c80000)
 ParOldGen       total 399360K, used 379875K [0x0000000081e00000, 0x000000009a400000, 0x00000000d5f80000)
  object space 399360K, 95% used [0x0000000081e00000,0x00000000990f8d80,0x000000009a400000)
 Metaspace       used 138219K, capacity 144410K, committed 144896K, reserved 1177600K
  class space    used 14558K, capacity 15744K, committed 15872K, reserved 1048576K
Event: 70863.626 GC heap after
Heap after GC invocations=160 (full 22):
 PSYoungGen      total 214528K, used 13526K [0x00000000d5f80000, 0x00000000e5b00000, 0x0000000100000000)
  eden space 173568K, 0% used [0x00000000d5f80000,0x00000000d5f80000,0x00000000e0900000)
  from space 40960K, 33% used [0x00000000e3300000,0x00000000e4035be8,0x00000000e5b00000)
  to   space 41984K, 0% used [0x00000000e0900000,0x00000000e0900000,0x00000000e3200000)
 ParOldGen       total 399360K, used 379883K [0x0000000081e00000, 0x000000009a400000, 0x00000000d5f80000)
  object space 399360K, 95% used [0x0000000081e00000,0x00000000990fad80,0x000000009a400000)
 Metaspace       used 138219K, capacity 144410K, committed 144896K, reserved 1177600K
  class space    used 14558K, capacity 15744K, committed 15872K, reserved 1048576K
}
Event: 70864.788 GC heap before
{Heap before GC invocations=161 (full 22):
 PSYoungGen      total 214528K, used 187094K [0x00000000d5f80000, 0x00000000e5b00000, 0x0000000100000000)
  eden space 173568K, 100% used [0x00000000d5f80000,0x00000000e0900000,0x00000000e0900000)
  from space 40960K, 33% used [0x00000000e3300000,0x00000000e4035be8,0x00000000e5b00000)
  to   space 41984K, 0% used [0x00000000e0900000,0x00000000e0900000,0x00000000e3200000)
 ParOldGen       total 399360K, used 379883K [0x0000000081e00000, 0x000000009a400000, 0x00000000d5f80000)
  object space 399360K, 95% used [0x0000000081e00000,0x00000000990fad80,0x000000009a400000)
 Metaspace       used 138256K, capacity 144410K, committed 144896K, reserved 1177600K
  class space    used 14559K, capacity 15744K, committed 15872K, reserved 1048576K
Event: 70864.796 GC heap after
Heap after GC invocations=161 (full 22):
 PSYoungGen      total 215552K, used 12918K [0x00000000d5f80000, 0x00000000e5d00000, 0x0000000100000000)
  eden space 173568K, 0% used [0x00000000d5f80000,0x00000000d5f80000,0x00000000e0900000)
  from space 41984K, 30% used [0x00000000e0900000,0x00000000e159dbe8,0x00000000e3200000)
  to   space 41472K, 0% used [0x00000000e3480000,0x00000000e3480000,0x00000000e5d00000)
 ParOldGen       total 399360K, used 379891K [0x0000000081e00000, 0x000000009a400000, 0x00000000d5f80000)
  object space 399360K, 95% used [0x0000000081e00000,0x00000000990fcd80,0x000000009a400000)
 Metaspace       used 138256K, capacity 144410K, committed 144896K, reserved 1177600K
  class space    used 14559K, capacity 15744K, committed 15872K, reserved 1048576K
}

